Adding job tentatively -- it will be properly scheduled when the scheduler starts
Added job "report_availability" to job store "default"
Scheduler started
Date/Time         - In Stock - Can Buy
2021-03-16 11:33:11 - True - False
2021-03-16 11:34:41 - True - False
2021-03-16 11:36:11 - True - False
2021-03-16 11:37:41 - True - False
2021-03-16 11:39:11 - True - False
2021-03-16 11:40:41 - True - False
2021-03-16 11:42:11 - True - False
2021-03-16 11:43:41 - True - False
2021-03-16 11:45:11 - True - False
2021-03-16 11:46:41 - True - False
2021-03-16 11:48:11 - True - False
2021-03-16 11:49:41 - True - False
2021-03-16 11:51:11 - True - False
2021-03-16 11:52:41 - True - False
2021-03-16 11:54:11 - True - False
2021-03-16 11:55:41 - True - False
2021-03-16 11:57:11 - True - False
2021-03-16 11:58:41 - True - False
2021-03-16 12:00:11 - True - False
2021-03-16 12:01:41 - True - False
2021-03-16 12:03:11 - True - False
2021-03-16 12:04:41 - True - False
2021-03-16 12:06:11 - True - False
2021-03-16 12:07:41 - True - False
2021-03-16 12:09:11 - True - False
2021-03-16 12:10:41 - True - False
2021-03-16 12:12:11 - True - False
2021-03-16 12:13:41 - True - False
2021-03-16 12:15:11 - True - False
2021-03-16 12:16:41 - True - False
2021-03-16 12:18:11 - True - False
2021-03-16 12:19:41 - True - False
2021-03-16 12:21:11 - True - False
2021-03-16 12:22:41 - True - False
2021-03-16 12:24:11 - True - False
2021-03-16 12:25:41 - True - False
2021-03-16 12:27:11 - True - False
2021-03-16 12:28:41 - True - False
2021-03-16 12:30:11 - True - False
2021-03-16 12:31:41 - True - False
2021-03-16 12:33:11 - True - False
2021-03-16 12:34:41 - True - False
2021-03-16 12:36:11 - True - False
2021-03-16 12:37:41 - True - False
2021-03-16 12:39:11 - True - False
2021-03-16 12:40:41 - True - False
2021-03-16 12:42:11 - True - False
2021-03-16 12:43:41 - True - False
2021-03-16 12:45:11 - True - False
2021-03-16 12:46:41 - True - False
2021-03-16 12:48:11 - True - False
2021-03-16 12:49:41 - True - False
2021-03-16 12:51:11 - True - False
2021-03-16 12:52:41 - True - False
2021-03-16 12:54:11 - True - False
2021-03-16 12:55:41 - True - False
2021-03-16 12:57:11 - True - False
2021-03-16 12:58:41 - True - False
2021-03-16 13:00:11 - True - False
2021-03-16 13:01:41 - True - False
2021-03-16 13:03:11 - True - False
2021-03-16 13:04:41 - True - False
2021-03-16 13:06:11 - True - False
2021-03-16 13:07:41 - True - False
2021-03-16 13:09:11 - True - False
2021-03-16 13:10:41 - True - False
2021-03-16 13:12:11 - True - False
2021-03-16 13:13:41 - True - False
2021-03-16 13:15:11 - True - False
2021-03-16 13:16:41 - True - False
2021-03-16 13:18:11 - True - False
2021-03-16 13:19:41 - True - False
2021-03-16 13:21:11 - True - False
2021-03-16 13:22:41 - True - False
2021-03-16 13:24:11 - True - False
2021-03-16 13:25:41 - True - False
2021-03-16 13:27:11 - True - False
2021-03-16 13:28:41 - True - False
2021-03-16 13:30:11 - True - False
2021-03-16 13:31:41 - True - False
2021-03-16 13:33:11 - True - False
2021-03-16 13:34:41 - True - False
2021-03-16 13:36:11 - True - False
2021-03-16 13:37:41 - True - False
2021-03-16 13:39:11 - True - False
2021-03-16 13:40:41 - True - False
2021-03-16 13:42:11 - True - False
2021-03-16 13:43:41 - True - False
2021-03-16 13:45:11 - True - False
2021-03-16 13:46:41 - True - False
2021-03-16 13:48:11 - True - False
2021-03-16 13:49:41 - True - False
2021-03-16 13:51:11 - True - False
2021-03-16 13:52:41 - True - False
2021-03-16 13:54:11 - True - False
2021-03-16 13:55:41 - True - False
2021-03-16 13:57:11 - True - False
2021-03-16 13:58:41 - True - False
2021-03-16 14:00:11 - True - False
2021-03-16 14:01:41 - True - False
2021-03-16 14:03:11 - True - False
2021-03-16 14:04:41 - True - False
2021-03-16 14:06:11 - True - False
2021-03-16 14:07:41 - True - False
2021-03-16 14:09:11 - True - False
2021-03-16 14:10:41 - True - False
2021-03-16 14:12:11 - True - False
2021-03-16 14:13:41 - True - False
2021-03-16 14:15:11 - True - False
2021-03-16 14:16:41 - True - False
2021-03-16 14:18:11 - True - False
2021-03-16 14:19:41 - True - False
2021-03-16 14:21:11 - True - False
2021-03-16 14:22:41 - True - False
2021-03-16 14:24:11 - True - False
2021-03-16 14:25:41 - True - False
2021-03-16 14:27:11 - True - False
2021-03-16 14:28:41 - True - False
2021-03-16 14:30:11 - True - False
2021-03-16 14:31:41 - True - False
2021-03-16 14:33:11 - True - False
2021-03-16 14:34:41 - True - False
2021-03-16 14:36:11 - True - False
2021-03-16 14:37:41 - True - False
2021-03-16 14:39:11 - True - False
2021-03-16 14:40:41 - True - False
2021-03-16 14:42:11 - True - False
2021-03-16 14:43:41 - True - False
2021-03-16 14:45:11 - True - False
2021-03-16 14:46:41 - True - False
2021-03-16 14:48:11 - True - False
2021-03-16 14:49:41 - True - False
2021-03-16 14:51:11 - True - False
2021-03-16 14:52:41 - True - False
2021-03-16 14:54:11 - True - False
2021-03-16 14:55:41 - True - False
2021-03-16 14:57:11 - True - False
2021-03-16 14:58:41 - True - False
2021-03-16 15:00:11 - True - False
2021-03-16 15:01:41 - True - False
2021-03-16 15:03:11 - True - False
2021-03-16 15:04:41 - True - False
2021-03-16 15:06:11 - True - False
2021-03-16 15:07:41 - True - False
2021-03-16 15:09:11 - True - False
2021-03-16 15:10:41 - True - False
2021-03-16 15:12:11 - True - False
2021-03-16 15:13:41 - True - False
2021-03-16 15:15:11 - True - False
2021-03-16 15:16:41 - True - False
2021-03-16 15:18:11 - True - False
2021-03-16 15:19:41 - True - False
2021-03-16 15:21:11 - True - False
2021-03-16 15:22:41 - True - False
2021-03-16 15:24:11 - True - False
2021-03-16 15:25:41 - True - False
2021-03-16 15:27:11 - True - False
2021-03-16 15:28:41 - True - False
2021-03-16 15:30:11 - True - False
2021-03-16 15:31:41 - True - False
2021-03-16 15:33:11 - True - False
2021-03-16 15:34:41 - True - False
2021-03-16 15:36:11 - True - False
2021-03-16 15:37:41 - True - False
2021-03-16 15:39:11 - True - False
2021-03-16 15:40:41 - True - False
2021-03-16 15:42:11 - True - False
2021-03-16 15:43:41 - True - False
2021-03-16 15:45:11 - True - False
2021-03-16 15:46:41 - True - False
2021-03-16 15:48:11 - True - False
2021-03-16 15:49:41 - True - False
2021-03-16 15:51:11 - True - False
2021-03-16 15:52:41 - True - False
2021-03-16 15:54:11 - True - False
2021-03-16 15:55:41 - True - False
2021-03-16 15:57:11 - True - False
2021-03-16 15:58:41 - True - False
2021-03-16 16:00:11 - True - False
2021-03-16 16:01:41 - True - False
2021-03-16 16:03:11 - True - False
2021-03-16 16:04:41 - True - False
Adding job tentatively -- it will be properly scheduled when the scheduler starts
Added job "report_availability" to job store "default"
Scheduler started
Date/Time         - In Stock - Can Buy
2021-03-16 16:06:04 - True - False
2021-03-16 16:07:34 - True - False
2021-03-16 16:09:04 - True - False
2021-03-16 16:10:34 - True - False
2021-03-16 16:12:04 - True - False
2021-03-16 16:13:34 - True - False
2021-03-16 16:15:04 - True - False
2021-03-16 16:16:34 - True - False
2021-03-16 16:18:04 - True - False
2021-03-16 16:19:34 - True - False
2021-03-16 16:21:04 - True - False
2021-03-16 16:22:34 - True - False
2021-03-16 16:24:04 - True - False
2021-03-16 16:25:34 - True - False
2021-03-16 16:27:04 - True - False
2021-03-16 16:28:34 - True - False
2021-03-16 16:30:04 - True - False
2021-03-16 16:31:34 - True - False
2021-03-16 16:33:04 - True - False
2021-03-16 16:34:34 - True - False
2021-03-16 16:36:04 - True - False
2021-03-16 16:37:34 - True - False
2021-03-16 16:39:04 - True - False
2021-03-16 16:40:34 - True - False
2021-03-16 16:42:04 - True - False
2021-03-16 16:43:34 - True - False
2021-03-16 16:45:04 - True - False
2021-03-16 16:46:34 - True - False
2021-03-16 16:48:04 - True - False
2021-03-16 16:49:34 - True - False
2021-03-16 16:51:04 - True - False
2021-03-16 16:52:34 - True - False
2021-03-16 16:54:04 - True - False
2021-03-16 16:55:34 - True - False
2021-03-16 16:57:04 - True - False
2021-03-16 16:58:34 - True - False
2021-03-16 17:00:04 - True - False
2021-03-16 17:01:34 - True - False
2021-03-16 17:03:04 - True - False
2021-03-16 17:04:34 - True - False
2021-03-16 17:06:04 - True - False
2021-03-16 17:07:34 - True - False
2021-03-16 17:09:04 - True - False
2021-03-16 17:10:34 - True - False
2021-03-16 17:12:04 - True - False
2021-03-16 17:13:34 - True - False
2021-03-16 17:15:04 - True - False
2021-03-16 17:16:34 - True - False
2021-03-16 17:18:04 - True - False
2021-03-16 17:19:34 - True - False
2021-03-16 17:21:04 - True - False
2021-03-16 17:22:34 - True - False
2021-03-16 17:24:04 - True - False
2021-03-16 17:25:34 - True - False
2021-03-16 17:27:04 - True - False
2021-03-16 17:28:34 - True - False
2021-03-16 17:30:04 - True - False
2021-03-16 17:31:34 - True - False
2021-03-16 17:33:04 - True - False
2021-03-16 17:34:34 - True - False
2021-03-16 17:36:04 - True - False
2021-03-16 17:37:34 - True - False
2021-03-16 17:39:04 - True - False
2021-03-16 17:40:34 - True - False
2021-03-16 17:42:04 - True - False
2021-03-16 17:43:34 - True - False
2021-03-16 17:45:04 - True - False
2021-03-16 17:46:34 - True - False
2021-03-16 17:48:04 - True - False
2021-03-16 17:49:34 - True - False
2021-03-16 17:51:04 - True - False
2021-03-16 17:52:34 - True - False
2021-03-16 17:54:04 - True - False
2021-03-16 17:55:34 - True - False
2021-03-16 17:57:04 - True - False
2021-03-16 17:58:34 - True - False
2021-03-16 18:00:04 - True - False
2021-03-16 18:01:34 - True - False
2021-03-16 18:03:04 - True - False
2021-03-16 18:04:34 - True - False
2021-03-16 18:06:04 - True - False
2021-03-16 18:07:34 - True - False
2021-03-16 18:09:04 - True - False
2021-03-16 18:10:34 - True - False
2021-03-16 18:12:04 - True - False
2021-03-16 18:13:34 - True - False
2021-03-16 18:15:04 - True - False
2021-03-16 18:16:34 - True - False
2021-03-16 18:18:04 - True - False
2021-03-16 18:19:34 - True - False
2021-03-16 18:21:04 - True - False
2021-03-16 18:22:34 - True - False
2021-03-16 18:24:04 - True - False
2021-03-16 18:25:34 - True - False
2021-03-16 18:27:04 - True - False
2021-03-16 18:28:34 - True - False
2021-03-16 18:30:04 - True - False
2021-03-16 18:31:34 - True - False
2021-03-16 18:33:04 - True - False
2021-03-16 18:34:34 - True - False
2021-03-16 18:36:04 - True - False
2021-03-16 18:37:34 - True - False
2021-03-16 18:39:04 - True - False
2021-03-16 18:40:34 - True - False
2021-03-16 18:42:04 - True - False
2021-03-16 18:43:34 - True - False
2021-03-16 18:45:04 - True - False
2021-03-16 18:46:34 - True - False
2021-03-16 18:48:04 - True - False
2021-03-16 18:49:34 - True - False
2021-03-16 18:51:04 - True - False
2021-03-16 18:52:34 - True - False
2021-03-16 18:54:04 - True - False
2021-03-16 18:55:34 - True - False
2021-03-16 18:57:04 - True - False
2021-03-16 18:58:34 - True - False
2021-03-16 19:00:04 - True - False
2021-03-16 19:01:34 - True - False
2021-03-16 19:03:04 - True - False
2021-03-16 19:04:34 - True - False
2021-03-16 19:06:04 - True - False
2021-03-16 19:07:34 - True - False
2021-03-16 19:09:04 - True - False
2021-03-16 19:10:34 - True - False
2021-03-16 19:12:04 - True - False
2021-03-16 19:13:34 - True - False
2021-03-16 19:15:04 - True - False
2021-03-16 19:16:34 - True - False
2021-03-16 19:18:04 - True - False
2021-03-16 19:19:34 - True - False
2021-03-16 19:21:04 - True - False
2021-03-16 19:22:34 - True - False
2021-03-16 19:24:04 - True - False
2021-03-16 19:25:34 - True - False
2021-03-16 19:27:04 - True - False
2021-03-16 19:28:34 - True - False
2021-03-16 19:30:04 - True - False
2021-03-16 19:31:34 - True - False
2021-03-16 19:33:04 - True - False
2021-03-16 19:34:34 - True - False
2021-03-16 19:36:04 - True - False
2021-03-16 19:37:34 - True - False
2021-03-16 19:39:04 - True - False
2021-03-16 19:40:34 - True - False
2021-03-16 19:42:04 - True - False
2021-03-16 19:43:34 - True - False
2021-03-16 19:45:04 - True - False
2021-03-16 19:46:34 - True - False
2021-03-16 19:48:04 - True - False
2021-03-16 19:49:34 - True - False
2021-03-16 19:51:04 - True - False
2021-03-16 19:52:34 - True - False
2021-03-16 19:54:04 - True - False
2021-03-16 19:55:34 - True - False
2021-03-16 19:57:04 - True - False
2021-03-16 19:58:34 - True - False
2021-03-16 20:00:04 - True - False
2021-03-16 20:01:34 - True - False
2021-03-16 20:03:04 - True - False
2021-03-16 20:04:34 - True - False
2021-03-16 20:06:04 - True - False
2021-03-16 20:07:34 - True - False
2021-03-16 20:09:04 - True - False
2021-03-16 20:10:34 - True - False
2021-03-16 20:12:04 - True - False
2021-03-16 20:13:34 - True - False
2021-03-16 20:15:04 - True - False
2021-03-16 20:16:34 - True - False
2021-03-16 20:18:04 - True - False
2021-03-16 20:19:34 - True - False
2021-03-16 20:21:04 - True - False
2021-03-16 20:22:34 - True - False
2021-03-16 20:24:04 - True - False
2021-03-16 20:25:34 - True - False
2021-03-16 20:27:04 - True - False
2021-03-16 20:28:34 - True - False
2021-03-16 20:30:04 - True - False
2021-03-16 20:31:34 - True - False
2021-03-16 20:33:04 - True - False
2021-03-16 20:34:34 - True - False
2021-03-16 20:36:04 - True - False
2021-03-16 20:37:34 - True - False
2021-03-16 20:39:04 - True - False
2021-03-16 20:40:34 - True - False
2021-03-16 20:42:04 - True - False
2021-03-16 20:43:34 - True - False
2021-03-16 20:45:04 - True - False
2021-03-16 20:46:34 - True - False
2021-03-16 20:48:04 - True - False
2021-03-16 20:49:34 - True - False
2021-03-16 20:51:04 - True - False
2021-03-16 20:52:34 - True - False
2021-03-16 20:54:04 - True - False
2021-03-16 20:55:34 - True - False
2021-03-16 20:57:04 - True - False
2021-03-16 20:58:34 - True - False
2021-03-16 21:00:04 - True - False
2021-03-16 21:01:34 - True - False
2021-03-16 21:03:04 - True - False
2021-03-16 21:04:34 - True - False
2021-03-16 21:06:04 - True - False
2021-03-16 21:07:34 - True - False
2021-03-16 21:09:04 - True - False
2021-03-16 21:10:34 - True - False
2021-03-16 21:12:04 - True - False
2021-03-16 21:13:34 - True - False
2021-03-16 21:15:04 - True - False
2021-03-16 21:16:34 - True - False
2021-03-16 21:18:04 - True - False
2021-03-16 21:19:34 - True - False
2021-03-16 21:21:04 - True - False
2021-03-16 21:22:34 - True - False
2021-03-16 21:24:04 - True - False
2021-03-16 21:25:34 - True - False
2021-03-16 21:27:04 - True - False
2021-03-16 21:28:34 - True - False
2021-03-16 21:30:04 - True - False
2021-03-16 21:31:34 - True - False
2021-03-16 21:33:04 - True - False
2021-03-16 21:34:34 - True - False
2021-03-16 21:36:04 - True - False
2021-03-16 21:37:34 - True - False
2021-03-16 21:39:04 - True - False
2021-03-16 21:40:34 - True - False
2021-03-16 21:42:04 - True - False
2021-03-16 21:43:34 - True - False
2021-03-16 21:45:04 - True - False
2021-03-16 21:46:34 - True - False
2021-03-16 21:48:04 - True - False
2021-03-16 21:49:34 - True - False
2021-03-16 21:51:04 - True - False
2021-03-16 21:52:34 - True - False
2021-03-16 21:54:04 - True - False
2021-03-16 21:55:34 - True - False
2021-03-16 21:57:04 - True - False
2021-03-16 21:58:34 - True - False
2021-03-16 22:00:04 - True - False
2021-03-16 22:01:34 - True - False
2021-03-16 22:03:04 - True - False
2021-03-16 22:04:34 - True - False
2021-03-16 22:06:04 - True - False
2021-03-16 22:07:34 - True - False
2021-03-16 22:09:04 - True - False
2021-03-16 22:10:34 - True - False
2021-03-16 22:12:04 - True - False
2021-03-16 22:13:34 - True - False
2021-03-16 22:15:04 - True - False
2021-03-16 22:16:34 - True - False
2021-03-16 22:18:04 - True - False
2021-03-16 22:19:34 - True - False
2021-03-16 22:21:04 - True - False
2021-03-16 22:22:34 - True - False
2021-03-16 22:24:04 - True - False
2021-03-16 22:25:34 - True - False
2021-03-16 22:27:04 - True - False
2021-03-16 22:28:34 - True - False
2021-03-16 22:30:04 - True - False
2021-03-16 22:31:34 - True - False
2021-03-16 22:33:04 - True - False
2021-03-16 22:34:34 - True - False
2021-03-16 22:36:04 - True - False
2021-03-16 22:37:34 - True - False
2021-03-16 22:39:04 - True - False
2021-03-16 22:40:34 - True - False
2021-03-16 22:42:04 - True - False
2021-03-16 22:43:34 - True - False
2021-03-16 22:45:04 - True - False
2021-03-16 22:46:34 - True - False
2021-03-16 22:48:04 - True - False
2021-03-16 22:49:34 - True - False
2021-03-16 22:51:04 - True - False
2021-03-16 22:52:34 - True - False
2021-03-16 22:54:04 - True - False
2021-03-16 22:55:34 - True - False
2021-03-16 22:57:04 - True - False
2021-03-16 22:58:34 - True - False
2021-03-16 23:00:04 - True - False
2021-03-16 23:01:34 - True - False
2021-03-16 23:03:04 - True - False
2021-03-16 23:04:34 - True - False
2021-03-16 23:06:04 - True - False
2021-03-16 23:07:34 - True - False
2021-03-16 23:09:04 - True - False
2021-03-16 23:10:34 - True - False
2021-03-16 23:12:04 - True - False
2021-03-16 23:13:34 - True - False
2021-03-16 23:15:04 - True - False
2021-03-16 23:16:34 - True - False
2021-03-16 23:18:04 - True - False
2021-03-16 23:19:34 - True - False
2021-03-16 23:21:04 - True - False
2021-03-16 23:22:34 - True - False
2021-03-16 23:24:04 - True - False
2021-03-16 23:25:34 - True - False
2021-03-16 23:27:04 - True - False
Adding job tentatively -- it will be properly scheduled when the scheduler starts
Added job "report_availability" to job store "default"
Scheduler started
Date/Time         - In Stock - Can Buy
2021-03-16 23:28:52 - True - False
2021-03-16 23:30:22 - True - False
2021-03-16 23:31:52 - True - False
2021-03-16 23:33:22 - True - False
2021-03-16 23:34:52 - True - False
2021-03-16 23:36:22 - True - False
2021-03-16 23:37:52 - True - False
2021-03-16 23:39:22 - True - False
2021-03-16 23:40:52 - True - False
2021-03-16 23:42:22 - True - False
2021-03-16 23:43:52 - True - False
2021-03-16 23:45:22 - True - False
2021-03-16 23:46:52 - True - False
2021-03-16 23:48:22 - True - False
2021-03-16 23:49:52 - True - False
2021-03-16 23:51:22 - True - False
2021-03-16 23:52:52 - True - False
2021-03-16 23:54:22 - True - False
2021-03-16 23:55:52 - True - False
2021-03-16 23:57:22 - True - False
2021-03-16 23:58:52 - True - False
2021-03-17 00:00:22 - True - False
2021-03-17 00:01:52 - True - False
2021-03-17 00:03:22 - True - False
2021-03-17 00:04:52 - True - False
2021-03-17 00:06:22 - True - False
2021-03-17 00:07:52 - True - False
2021-03-17 00:09:22 - True - False
2021-03-17 00:10:52 - True - False
2021-03-17 00:12:22 - True - False
2021-03-17 00:13:52 - True - False
2021-03-17 00:15:22 - True - False
2021-03-17 00:16:52 - True - False
2021-03-17 00:18:22 - True - False
2021-03-17 00:19:52 - True - False
2021-03-17 00:21:22 - True - False
2021-03-17 00:22:52 - True - False
2021-03-17 00:24:22 - True - False
2021-03-17 00:25:52 - True - False
2021-03-17 00:27:22 - True - False
2021-03-17 00:28:52 - True - False
2021-03-17 00:30:22 - True - False
2021-03-17 00:31:52 - True - False
2021-03-17 00:33:22 - True - False
2021-03-17 00:34:52 - True - False
2021-03-17 00:36:22 - True - False
2021-03-17 00:37:52 - True - False
2021-03-17 00:39:22 - True - False
2021-03-17 00:40:52 - True - False
2021-03-17 00:42:22 - True - False
2021-03-17 00:43:52 - True - False
2021-03-17 00:45:22 - True - False
2021-03-17 00:46:52 - True - False
2021-03-17 00:48:22 - True - False
2021-03-17 00:49:52 - True - False
2021-03-17 00:51:22 - True - False
2021-03-17 00:52:52 - True - False
2021-03-17 00:54:22 - True - False
2021-03-17 00:55:52 - True - False
2021-03-17 00:57:22 - True - False
2021-03-17 00:58:52 - True - False
2021-03-17 01:00:22 - True - False
2021-03-17 01:01:52 - True - False
2021-03-17 01:03:22 - True - False
2021-03-17 01:04:52 - True - False
2021-03-17 01:06:22 - True - False
2021-03-17 01:07:52 - True - False
2021-03-17 01:09:22 - True - False
2021-03-17 01:10:52 - True - False
2021-03-17 01:12:22 - True - False
2021-03-17 01:13:52 - True - False
2021-03-17 01:15:22 - True - False
2021-03-17 01:16:52 - True - False
2021-03-17 01:18:22 - True - False
2021-03-17 01:19:52 - True - False
2021-03-17 01:21:22 - True - False
2021-03-17 01:22:52 - True - False
2021-03-17 01:24:22 - True - False
2021-03-17 01:25:52 - True - False
2021-03-17 01:27:22 - True - False
2021-03-17 01:28:52 - True - False
2021-03-17 01:30:22 - True - False
2021-03-17 01:31:52 - True - False
2021-03-17 01:33:22 - True - False
2021-03-17 01:34:52 - True - False
2021-03-17 01:36:22 - True - False
2021-03-17 01:37:52 - True - False
2021-03-17 01:39:22 - True - False
2021-03-17 01:40:52 - True - False
2021-03-17 01:42:22 - True - False
2021-03-17 01:43:52 - True - False
2021-03-17 01:45:22 - True - False
2021-03-17 01:46:52 - True - False
2021-03-17 01:48:22 - True - False
2021-03-17 01:49:52 - True - False
2021-03-17 01:51:22 - True - False
2021-03-17 01:52:52 - True - False
2021-03-17 01:54:22 - True - False
2021-03-17 01:55:52 - True - False
2021-03-17 01:57:22 - True - False
2021-03-17 01:58:52 - True - False
2021-03-17 02:00:22 - True - False
2021-03-17 02:01:52 - True - False
2021-03-17 02:03:22 - True - False
2021-03-17 02:04:52 - True - False
2021-03-17 02:06:22 - True - False
2021-03-17 02:07:52 - True - False
2021-03-17 02:09:22 - True - False
2021-03-17 02:10:52 - True - False
2021-03-17 02:12:22 - True - False
2021-03-17 02:13:52 - True - False
2021-03-17 02:15:22 - True - False
2021-03-17 02:16:52 - True - False
2021-03-17 02:18:22 - True - False
2021-03-17 02:19:52 - True - False
2021-03-17 02:21:22 - True - False
2021-03-17 02:22:52 - True - False
2021-03-17 02:24:22 - True - False
2021-03-17 02:25:52 - True - False
2021-03-17 02:27:22 - True - False
2021-03-17 02:28:52 - True - False
2021-03-17 02:30:22 - True - False
2021-03-17 02:31:52 - True - False
2021-03-17 02:33:22 - True - False
2021-03-17 02:34:52 - True - False
2021-03-17 02:36:22 - True - False
2021-03-17 02:37:52 - True - False
2021-03-17 02:39:22 - True - False
2021-03-17 02:40:52 - True - False
2021-03-17 02:42:22 - True - False
2021-03-17 02:43:52 - True - False
2021-03-17 02:45:22 - True - False
2021-03-17 02:46:52 - True - False
2021-03-17 02:48:22 - True - False
2021-03-17 02:49:52 - True - False
2021-03-17 02:51:22 - True - False
2021-03-17 02:52:52 - True - False
2021-03-17 02:54:22 - True - False
2021-03-17 02:55:52 - True - False
2021-03-17 02:57:22 - True - False
2021-03-17 02:58:52 - True - False
2021-03-17 03:00:22 - True - False
2021-03-17 03:01:52 - True - False
2021-03-17 03:03:22 - True - False
2021-03-17 03:04:52 - True - False
2021-03-17 03:06:22 - True - False
2021-03-17 03:07:52 - True - False
2021-03-17 03:09:22 - True - False
2021-03-17 03:10:52 - True - False
2021-03-17 03:12:22 - True - False
2021-03-17 03:13:52 - True - False
2021-03-17 03:15:22 - True - False
2021-03-17 03:16:52 - True - False
2021-03-17 03:18:22 - True - False
2021-03-17 03:19:52 - True - False
2021-03-17 03:21:22 - True - False
2021-03-17 03:22:52 - True - False
2021-03-17 03:24:22 - True - False
2021-03-17 03:25:52 - True - False
2021-03-17 03:27:22 - True - False
2021-03-17 03:28:52 - True - False
2021-03-17 03:30:22 - True - False
2021-03-17 03:31:52 - True - False
2021-03-17 03:33:22 - True - False
2021-03-17 03:34:52 - True - False
2021-03-17 03:36:22 - True - False
2021-03-17 03:37:52 - True - False
2021-03-17 03:39:22 - True - False
2021-03-17 03:40:52 - True - False
2021-03-17 03:42:22 - True - False
2021-03-17 03:43:52 - True - False
2021-03-17 03:45:22 - True - False
2021-03-17 03:46:52 - True - False
2021-03-17 03:48:22 - True - False
2021-03-17 03:49:52 - True - False
2021-03-17 03:51:22 - True - False
2021-03-17 03:52:52 - True - False
2021-03-17 03:54:22 - True - False
2021-03-17 03:55:52 - True - False
2021-03-17 03:57:22 - True - False
2021-03-17 03:58:52 - True - False
2021-03-17 04:00:22 - True - False
2021-03-17 04:01:52 - True - False
2021-03-17 04:03:22 - True - False
2021-03-17 04:04:52 - True - False
2021-03-17 04:06:22 - True - False
2021-03-17 04:07:52 - True - False
2021-03-17 04:09:22 - True - False
2021-03-17 04:10:52 - True - False
2021-03-17 04:12:22 - True - False
2021-03-17 04:13:52 - True - False
2021-03-17 04:15:22 - True - False
2021-03-17 04:16:52 - True - False
2021-03-17 04:18:22 - True - False
2021-03-17 04:19:52 - True - False
2021-03-17 04:21:22 - True - False
2021-03-17 04:22:52 - True - False
2021-03-17 04:24:22 - True - False
2021-03-17 04:25:52 - True - False
2021-03-17 04:27:22 - True - False
2021-03-17 04:28:52 - True - False
2021-03-17 04:30:22 - True - False
2021-03-17 04:31:52 - True - False
2021-03-17 04:33:22 - True - False
2021-03-17 04:34:52 - True - False
2021-03-17 04:36:22 - True - False
2021-03-17 04:37:52 - True - False
2021-03-17 04:39:22 - True - False
2021-03-17 04:40:52 - True - False
2021-03-17 04:42:22 - True - False
2021-03-17 04:43:52 - True - False
2021-03-17 04:45:22 - True - False
2021-03-17 04:46:52 - True - False
2021-03-17 04:48:22 - True - False
2021-03-17 04:49:52 - True - False
2021-03-17 04:51:22 - True - False
2021-03-17 04:52:52 - True - False
2021-03-17 04:54:22 - True - False
2021-03-17 04:55:52 - True - False
2021-03-17 04:57:22 - True - False
2021-03-17 04:58:52 - True - False
2021-03-17 05:00:22 - True - False
2021-03-17 05:01:52 - True - False
2021-03-17 05:03:22 - True - False
2021-03-17 05:04:52 - True - False
2021-03-17 05:06:22 - True - False
2021-03-17 05:07:52 - True - False
2021-03-17 05:09:22 - True - False
2021-03-17 05:10:52 - True - False
2021-03-17 05:12:22 - True - False
2021-03-17 05:13:52 - True - False
2021-03-17 05:15:22 - True - False
2021-03-17 05:16:52 - True - False
2021-03-17 05:18:22 - True - False
2021-03-17 05:19:52 - True - False
2021-03-17 05:21:22 - True - False
2021-03-17 05:22:52 - True - False
2021-03-17 05:24:22 - True - False
2021-03-17 05:25:52 - True - False
2021-03-17 05:27:22 - True - False
2021-03-17 05:28:52 - True - False
2021-03-17 05:30:22 - True - False
2021-03-17 05:31:52 - True - False
2021-03-17 05:33:22 - True - False
2021-03-17 05:34:52 - True - False
2021-03-17 05:36:22 - True - False
2021-03-17 05:37:52 - True - False
2021-03-17 05:39:22 - True - False
2021-03-17 05:40:52 - True - False
2021-03-17 05:42:22 - True - False
2021-03-17 05:43:52 - True - False
2021-03-17 05:45:22 - True - False
2021-03-17 05:46:52 - True - False
2021-03-17 05:48:22 - True - False
2021-03-17 05:49:52 - True - False
2021-03-17 05:51:22 - True - False
2021-03-17 05:52:52 - True - False
2021-03-17 05:54:22 - True - False
2021-03-17 05:55:52 - True - False
2021-03-17 05:57:22 - True - False
2021-03-17 05:58:52 - True - False
2021-03-17 06:00:22 - True - False
2021-03-17 06:01:52 - True - False
2021-03-17 06:03:22 - True - False
2021-03-17 06:04:52 - True - False
2021-03-17 06:06:22 - True - False
2021-03-17 06:07:52 - True - False
2021-03-17 06:09:22 - True - False
2021-03-17 06:10:52 - True - False
2021-03-17 06:12:22 - True - False
2021-03-17 06:13:52 - True - False
2021-03-17 06:15:22 - True - False
2021-03-17 06:16:52 - True - False
2021-03-17 06:18:22 - True - False
2021-03-17 06:19:52 - True - False
2021-03-17 06:21:22 - True - False
2021-03-17 06:22:52 - True - False
2021-03-17 06:24:22 - True - False
2021-03-17 06:25:52 - True - False
2021-03-17 06:27:22 - True - False
2021-03-17 06:28:52 - True - False
2021-03-17 06:30:22 - True - False
2021-03-17 06:31:52 - True - False
2021-03-17 06:33:22 - True - False
2021-03-17 06:34:52 - True - False
2021-03-17 06:36:22 - True - False
2021-03-17 06:37:52 - True - False
2021-03-17 06:39:22 - True - False
2021-03-17 06:40:52 - True - False
2021-03-17 06:42:22 - True - False
2021-03-17 06:43:52 - True - False
2021-03-17 06:45:22 - True - False
2021-03-17 06:46:52 - True - False
2021-03-17 06:48:22 - True - False
2021-03-17 06:49:52 - True - False
2021-03-17 06:51:22 - True - False
2021-03-17 06:52:52 - True - False
2021-03-17 06:54:22 - True - False
2021-03-17 06:55:52 - True - False
2021-03-17 06:57:22 - True - False
2021-03-17 06:58:52 - True - False
2021-03-17 07:00:22 - True - False
2021-03-17 07:01:52 - True - False
2021-03-17 07:03:22 - True - False
2021-03-17 07:04:52 - True - False
2021-03-17 07:06:22 - True - False
2021-03-17 07:07:52 - True - False
2021-03-17 07:09:22 - True - False
2021-03-17 07:10:52 - True - False
2021-03-17 07:12:22 - True - False
2021-03-17 07:13:52 - True - False
2021-03-17 07:15:22 - True - False
2021-03-17 07:16:52 - True - False
2021-03-17 07:18:22 - True - False
2021-03-17 07:19:52 - True - False
2021-03-17 07:21:22 - True - False
2021-03-17 07:22:52 - True - False
2021-03-17 07:24:22 - True - False
2021-03-17 07:25:52 - True - False
2021-03-17 07:27:22 - True - False
2021-03-17 07:28:52 - True - False
2021-03-17 07:30:22 - True - False
2021-03-17 07:31:52 - True - False
2021-03-17 07:33:22 - True - False
2021-03-17 07:34:52 - True - False
2021-03-17 07:36:22 - True - False
2021-03-17 07:37:52 - True - False
2021-03-17 07:39:22 - True - False
2021-03-17 07:40:52 - True - False
2021-03-17 07:42:22 - True - False
2021-03-17 07:43:52 - True - False
2021-03-17 07:45:22 - True - False
2021-03-17 07:46:52 - True - False
2021-03-17 07:48:22 - True - False
2021-03-17 07:49:52 - True - False
2021-03-17 07:51:22 - True - False
2021-03-17 07:52:52 - True - False
2021-03-17 07:54:22 - True - False
2021-03-17 07:55:52 - True - False
2021-03-17 07:57:22 - True - False
2021-03-17 07:58:52 - True - False
2021-03-17 08:00:22 - True - False
2021-03-17 08:01:52 - True - False
2021-03-17 08:03:22 - True - False
2021-03-17 08:04:52 - True - False
2021-03-17 08:06:22 - True - False
2021-03-17 08:07:52 - True - False
2021-03-17 08:09:22 - True - False
2021-03-17 08:10:52 - True - False
2021-03-17 08:12:22 - True - False
2021-03-17 08:13:52 - True - False
2021-03-17 08:15:22 - True - False
2021-03-17 08:16:52 - True - False
2021-03-17 08:18:22 - True - False
2021-03-17 08:19:52 - True - False
2021-03-17 08:21:22 - True - False
2021-03-17 08:22:52 - True - False
2021-03-17 08:24:22 - True - False
2021-03-17 08:25:52 - True - False
2021-03-17 08:27:22 - True - False
2021-03-17 08:28:52 - True - False
2021-03-17 08:30:22 - True - False
2021-03-17 08:31:52 - True - False
2021-03-17 08:33:22 - True - False
2021-03-17 08:34:52 - True - False
2021-03-17 08:36:22 - True - False
2021-03-17 08:37:52 - True - False
2021-03-17 08:39:22 - True - False
2021-03-17 08:40:52 - True - False
2021-03-17 08:42:22 - True - False
2021-03-17 08:43:52 - True - False
2021-03-17 08:45:22 - True - False
2021-03-17 08:46:52 - True - False
2021-03-17 08:48:22 - True - False
2021-03-17 08:49:52 - True - False
2021-03-17 08:51:22 - True - False
2021-03-17 08:52:52 - True - False
2021-03-17 08:54:22 - True - False
2021-03-17 08:55:52 - True - False
2021-03-17 08:57:22 - True - False
2021-03-17 08:58:52 - True - False
2021-03-17 09:00:22 - True - False
2021-03-17 09:01:52 - True - False
2021-03-17 09:03:22 - True - False
2021-03-17 09:04:52 - True - False
2021-03-17 09:06:22 - True - False
2021-03-17 09:07:52 - True - False
2021-03-17 09:09:22 - True - False
2021-03-17 09:10:52 - True - False
2021-03-17 09:12:22 - True - False
2021-03-17 09:13:52 - True - False
2021-03-17 09:15:22 - True - False
2021-03-17 09:16:52 - True - False
2021-03-17 09:18:22 - True - False
2021-03-17 09:19:52 - True - False
2021-03-17 09:21:22 - True - False
2021-03-17 09:22:52 - True - False
2021-03-17 09:24:22 - True - False
2021-03-17 09:25:52 - True - False
2021-03-17 09:27:22 - True - False
2021-03-17 09:28:52 - True - False
2021-03-17 09:30:22 - True - False
2021-03-17 09:31:52 - True - False
2021-03-17 09:33:22 - True - False
2021-03-17 09:34:52 - True - False
2021-03-17 09:36:22 - True - False
2021-03-17 09:37:52 - True - False
2021-03-17 09:39:22 - True - False
2021-03-17 09:40:52 - True - False
2021-03-17 09:42:22 - True - False
2021-03-17 09:43:52 - True - False
2021-03-17 09:45:22 - True - False
2021-03-17 09:46:52 - True - False
2021-03-17 09:48:22 - True - False
2021-03-17 09:49:52 - True - False
2021-03-17 09:51:22 - True - False
2021-03-17 09:52:52 - True - False
2021-03-17 09:54:22 - True - False
2021-03-17 09:55:52 - True - False
2021-03-17 09:57:22 - True - False
2021-03-17 09:58:52 - True - False
2021-03-17 10:00:22 - True - False
2021-03-17 10:01:52 - True - False
2021-03-17 10:03:22 - True - False
2021-03-17 10:04:52 - True - False
2021-03-17 10:06:22 - True - False
2021-03-17 10:07:52 - True - False
2021-03-17 10:09:22 - True - False
2021-03-17 10:10:52 - True - False
2021-03-17 10:12:22 - True - False
2021-03-17 10:13:52 - True - False
2021-03-17 10:15:22 - True - False
2021-03-17 10:16:52 - True - False
2021-03-17 10:18:22 - True - False
2021-03-17 10:19:52 - True - False
2021-03-17 10:21:22 - True - False
2021-03-17 10:22:52 - True - False
2021-03-17 10:24:22 - True - False
2021-03-17 10:25:52 - True - False
2021-03-17 10:27:22 - True - False
2021-03-17 10:28:52 - True - False
2021-03-17 10:30:22 - True - False
2021-03-17 10:31:52 - True - False
2021-03-17 10:33:22 - True - False
2021-03-17 10:34:52 - True - False
2021-03-17 10:36:22 - True - False
2021-03-17 10:37:52 - True - False
2021-03-17 10:39:22 - True - False
2021-03-17 10:40:52 - True - False
2021-03-17 10:42:22 - True - False
2021-03-17 10:43:52 - True - False
2021-03-17 10:45:22 - True - False
2021-03-17 10:46:52 - True - False
2021-03-17 10:48:22 - True - False
2021-03-17 10:49:52 - True - False
2021-03-17 10:51:22 - True - False
2021-03-17 10:52:52 - True - False
2021-03-17 10:54:22 - True - False
2021-03-17 10:55:52 - True - False
2021-03-17 10:57:22 - True - False
2021-03-17 10:58:52 - True - False
2021-03-17 11:00:22 - True - False
2021-03-17 11:01:52 - True - False
2021-03-17 11:03:22 - True - False
2021-03-17 11:04:52 - True - False
2021-03-17 11:06:22 - True - False
2021-03-17 11:07:52 - True - False
2021-03-17 11:09:22 - True - False
2021-03-17 11:10:52 - True - False
2021-03-17 11:12:22 - True - False
2021-03-17 11:13:52 - True - False
2021-03-17 11:15:22 - True - False
2021-03-17 11:16:52 - True - False
2021-03-17 11:18:22 - True - False
2021-03-17 11:19:52 - True - False
2021-03-17 11:21:22 - True - False
2021-03-17 11:22:52 - True - False
2021-03-17 11:24:22 - True - False
2021-03-17 11:25:52 - True - False
2021-03-17 11:27:22 - True - False
2021-03-17 11:28:52 - True - False
2021-03-17 11:30:22 - True - False
2021-03-17 11:31:52 - True - False
2021-03-17 11:33:22 - True - False
2021-03-17 11:34:52 - True - False
2021-03-17 11:36:22 - True - False
2021-03-17 11:37:52 - True - False
2021-03-17 11:39:22 - True - False
2021-03-17 11:40:52 - True - False
2021-03-17 11:42:22 - True - False
2021-03-17 11:43:52 - True - False
2021-03-17 11:45:22 - True - False
2021-03-17 11:46:52 - True - False
2021-03-17 11:48:22 - True - False
2021-03-17 11:49:52 - True - False
2021-03-17 11:51:22 - True - False
2021-03-17 11:52:52 - True - False
2021-03-17 11:54:22 - True - False
2021-03-17 11:55:52 - True - False
2021-03-17 11:57:22 - True - False
2021-03-17 11:58:52 - True - False
2021-03-17 12:00:22 - True - False
2021-03-17 12:01:52 - True - False
2021-03-17 12:03:22 - True - False
2021-03-17 12:04:52 - True - False
2021-03-17 12:06:22 - True - False
2021-03-17 12:07:52 - True - False
2021-03-17 12:09:22 - True - False
2021-03-17 12:10:52 - True - False
2021-03-17 12:12:22 - True - False
2021-03-17 12:13:52 - True - False
2021-03-17 12:15:22 - True - False
2021-03-17 12:16:52 - True - False
2021-03-17 12:18:22 - True - False
2021-03-17 12:19:52 - True - False
2021-03-17 12:21:22 - True - False
2021-03-17 12:22:52 - True - False
2021-03-17 12:24:22 - True - False
2021-03-17 12:25:52 - True - False
2021-03-17 12:27:22 - True - False
2021-03-17 12:28:52 - True - False
2021-03-17 12:30:22 - True - False
2021-03-17 12:31:52 - True - False
2021-03-17 12:33:22 - True - False
2021-03-17 12:34:52 - True - False
2021-03-17 12:36:22 - True - False
2021-03-17 12:37:52 - True - False
2021-03-17 12:39:22 - True - False
2021-03-17 12:40:52 - True - False
2021-03-17 12:42:22 - True - False
2021-03-17 12:43:52 - True - False
2021-03-17 12:45:22 - True - False
2021-03-17 12:46:52 - True - False
2021-03-17 12:48:22 - True - False
2021-03-17 12:49:52 - True - False
2021-03-17 12:51:22 - True - False
2021-03-17 12:52:52 - True - False
2021-03-17 12:54:22 - True - False
2021-03-17 12:55:52 - True - False
2021-03-17 12:57:22 - True - False
2021-03-17 12:58:52 - True - False
2021-03-17 13:00:22 - True - False
2021-03-17 13:01:52 - True - False
2021-03-17 13:03:22 - True - False
2021-03-17 13:04:52 - True - False
2021-03-17 13:06:22 - True - False
2021-03-17 13:07:52 - True - False
2021-03-17 13:09:22 - True - False
2021-03-17 13:10:52 - True - False
2021-03-17 13:12:22 - True - False
2021-03-17 13:13:52 - True - False
2021-03-17 13:15:22 - True - False
2021-03-17 13:16:52 - True - False
2021-03-17 13:18:22 - True - False
2021-03-17 13:19:52 - True - False
2021-03-17 13:21:22 - True - False
2021-03-17 13:22:52 - True - False
2021-03-17 13:24:22 - True - False
2021-03-17 13:25:52 - True - False
2021-03-17 13:27:22 - True - False
2021-03-17 13:28:52 - True - False
2021-03-17 13:30:22 - True - False
2021-03-17 13:31:52 - True - False
2021-03-17 13:33:22 - True - False
2021-03-17 13:34:52 - True - False
2021-03-17 13:36:22 - True - False
2021-03-17 13:37:52 - True - False
2021-03-17 13:39:22 - True - False
2021-03-17 13:40:52 - True - False
2021-03-17 13:42:22 - True - False
2021-03-17 13:43:52 - True - False
Adding job tentatively -- it will be properly scheduled when the scheduler starts
Added job "report_availability" to job store "default"
Scheduler started
Date/Time         - In Stock - Can Buy
2021-03-17 13:55:03 - True - False
2021-03-17 13:56:33 - True - False
2021-03-17 13:58:03 - True - False
2021-03-17 13:59:33 - True - False
2021-03-17 14:01:03 - True - False
2021-03-17 14:02:33 - True - False
2021-03-17 14:04:03 - True - False
2021-03-17 14:05:33 - True - False
2021-03-17 14:07:03 - True - False
2021-03-17 14:08:33 - True - False
2021-03-17 14:10:03 - True - False
2021-03-17 14:11:33 - True - False
2021-03-17 14:13:03 - True - False
2021-03-17 14:14:33 - True - False
2021-03-17 14:16:03 - True - False
2021-03-17 14:17:33 - True - False
2021-03-17 14:19:03 - True - False
2021-03-17 14:20:33 - True - False
2021-03-17 14:22:03 - True - False
2021-03-17 14:23:33 - True - False
2021-03-17 14:25:03 - True - False
2021-03-17 14:26:33 - True - False
2021-03-17 14:28:03 - True - False
2021-03-17 14:29:33 - True - False
2021-03-17 14:31:03 - True - False
2021-03-17 14:32:33 - True - False
2021-03-17 14:34:03 - True - False
2021-03-17 14:35:33 - True - False
2021-03-17 14:37:03 - True - False
2021-03-17 14:38:33 - True - False
2021-03-17 14:40:03 - True - False
2021-03-17 14:41:33 - True - False
2021-03-17 14:43:03 - True - False
2021-03-17 14:44:33 - True - False
2021-03-17 14:46:03 - True - False
2021-03-17 14:47:33 - True - False
2021-03-17 14:49:03 - True - False
2021-03-17 14:50:33 - True - False
2021-03-17 14:52:03 - True - False
2021-03-17 14:53:33 - True - False
2021-03-17 14:55:03 - True - False
2021-03-17 14:56:33 - True - False
2021-03-17 14:58:03 - True - False
2021-03-17 14:59:33 - True - False
2021-03-17 15:01:03 - True - False
2021-03-17 15:02:33 - True - False
2021-03-17 15:04:03 - True - False
2021-03-17 15:05:33 - True - False
2021-03-17 15:07:03 - True - False
2021-03-17 15:08:33 - True - False
2021-03-17 15:10:03 - True - False
2021-03-17 15:11:33 - True - False
2021-03-17 15:13:03 - True - False
2021-03-17 15:14:33 - True - False
2021-03-17 15:16:03 - True - False
2021-03-17 15:17:33 - True - False
2021-03-17 15:19:03 - True - False
2021-03-17 15:20:33 - True - False
2021-03-17 15:22:03 - True - False
2021-03-17 15:23:33 - True - False
2021-03-17 15:25:03 - True - False
2021-03-17 15:26:33 - True - False
2021-03-17 15:28:03 - True - False
2021-03-17 15:29:33 - True - False
2021-03-17 15:31:03 - True - False
2021-03-17 15:32:33 - True - False
2021-03-17 15:34:03 - True - False
2021-03-17 15:35:33 - True - False
2021-03-17 15:37:03 - True - False
2021-03-17 15:38:33 - True - False
2021-03-17 15:40:03 - True - False
2021-03-17 15:41:33 - True - False
2021-03-17 15:43:03 - True - False
2021-03-17 15:44:33 - True - False
2021-03-17 15:46:03 - True - False
2021-03-17 15:47:33 - True - False
2021-03-17 15:49:03 - True - False
2021-03-17 15:50:33 - True - False
2021-03-17 15:52:03 - True - False
2021-03-17 15:53:33 - True - False
2021-03-17 15:55:03 - True - False
2021-03-17 15:56:33 - True - False
2021-03-17 15:58:03 - True - False
2021-03-17 15:59:33 - True - False
2021-03-17 16:01:03 - True - False
2021-03-17 16:02:33 - True - False
2021-03-17 16:04:03 - True - False
2021-03-17 16:05:33 - True - False
2021-03-17 16:07:03 - True - False
2021-03-17 16:08:33 - True - False
2021-03-17 16:10:03 - True - False
2021-03-17 16:11:33 - True - False
2021-03-17 16:13:03 - True - False
2021-03-17 16:14:33 - True - False
2021-03-17 16:16:03 - True - False
2021-03-17 16:17:33 - True - False
2021-03-17 16:19:03 - True - False
2021-03-17 16:20:33 - True - False
2021-03-17 16:22:03 - True - False
2021-03-17 16:23:33 - True - False
2021-03-17 16:25:03 - True - False
2021-03-17 16:26:33 - True - False
2021-03-17 16:28:03 - True - False
2021-03-17 16:29:33 - True - False
2021-03-17 16:31:03 - True - False
2021-03-17 16:32:33 - True - False
2021-03-17 16:34:03 - True - False
2021-03-17 16:35:33 - True - False
2021-03-17 16:37:03 - True - False
2021-03-17 16:38:33 - True - False
2021-03-17 16:40:03 - True - False
2021-03-17 16:41:33 - True - False
2021-03-17 16:43:03 - True - False
2021-03-17 16:44:33 - True - False
2021-03-17 16:46:03 - True - False
2021-03-17 16:47:33 - True - False
2021-03-17 16:49:03 - True - False
2021-03-17 16:50:33 - True - False
2021-03-17 16:52:03 - True - False
2021-03-17 16:53:33 - True - False
2021-03-17 16:55:03 - True - False
2021-03-17 16:56:33 - True - False
2021-03-17 16:58:03 - True - False
2021-03-17 16:59:33 - True - False
2021-03-17 17:01:03 - True - False
2021-03-17 17:02:33 - True - False
2021-03-17 17:04:03 - True - False
2021-03-17 17:05:33 - True - False
2021-03-17 17:07:03 - True - False
2021-03-17 17:08:33 - True - False
2021-03-17 17:10:03 - True - False
2021-03-17 17:11:33 - True - False
2021-03-17 17:13:03 - True - False
2021-03-17 17:14:33 - True - False
2021-03-17 17:16:03 - True - False
2021-03-17 17:17:33 - True - False
2021-03-17 17:19:03 - True - False
2021-03-17 17:20:33 - True - False
2021-03-17 17:22:03 - True - False
2021-03-17 17:23:33 - True - False
2021-03-17 17:25:03 - True - False
2021-03-17 17:26:33 - True - False
2021-03-17 17:28:03 - True - False
2021-03-17 17:29:33 - True - False
2021-03-17 17:31:03 - True - False
2021-03-17 17:32:33 - True - False
2021-03-17 17:34:03 - True - False
2021-03-17 17:35:33 - True - False
2021-03-17 17:37:03 - True - False
2021-03-17 17:38:33 - True - False
2021-03-17 17:40:03 - True - False
2021-03-17 17:41:33 - True - False
2021-03-17 17:43:03 - True - False
2021-03-17 17:44:33 - True - False
2021-03-17 17:46:03 - True - False
2021-03-17 17:47:33 - True - False
2021-03-17 17:49:03 - True - False
2021-03-17 17:50:33 - True - False
2021-03-17 17:52:03 - True - False
2021-03-17 17:53:33 - True - False
2021-03-17 17:55:03 - True - False
2021-03-17 17:56:33 - True - False
2021-03-17 17:58:03 - True - False
2021-03-17 17:59:33 - True - False
2021-03-17 18:01:03 - True - False
2021-03-17 18:02:33 - True - False
2021-03-17 18:04:03 - True - False
2021-03-17 18:05:33 - True - False
2021-03-17 18:07:03 - True - False
2021-03-17 18:08:33 - True - False
2021-03-17 18:10:03 - True - False
2021-03-17 18:11:33 - True - False
2021-03-17 18:13:03 - True - False
2021-03-17 18:14:33 - True - False
2021-03-17 18:16:03 - True - False
2021-03-17 18:17:33 - True - False
2021-03-17 18:19:03 - True - False
2021-03-17 18:20:33 - True - False
2021-03-17 18:22:03 - True - False
2021-03-17 18:23:33 - True - False
2021-03-17 18:25:03 - True - False
2021-03-17 18:26:33 - True - False
2021-03-17 18:28:03 - True - False
2021-03-17 18:29:33 - True - False
2021-03-17 18:31:03 - True - False
2021-03-17 18:32:33 - True - False
2021-03-17 18:34:03 - True - False
2021-03-17 18:35:33 - True - False
2021-03-17 18:37:03 - True - False
2021-03-17 18:38:33 - True - False
2021-03-17 18:40:03 - True - False
2021-03-17 18:41:33 - True - False
2021-03-17 18:43:03 - True - False
2021-03-17 18:44:33 - True - False
2021-03-17 18:46:03 - True - False
2021-03-17 18:47:33 - True - False
2021-03-17 18:49:03 - True - False
2021-03-17 18:50:33 - True - False
2021-03-17 18:52:03 - True - False
2021-03-17 18:53:33 - True - False
2021-03-17 18:55:03 - True - False
2021-03-17 18:56:33 - True - False
2021-03-17 18:58:03 - True - False
2021-03-17 18:59:33 - True - False
2021-03-17 19:01:03 - True - False
2021-03-17 19:02:33 - True - False
2021-03-17 19:04:03 - True - False
2021-03-17 19:05:33 - True - False
2021-03-17 19:07:03 - True - False
2021-03-17 19:08:33 - True - False
2021-03-17 19:10:03 - True - False
2021-03-17 19:11:33 - True - False
2021-03-17 19:13:03 - True - False
2021-03-17 19:14:33 - True - False
2021-03-17 19:16:03 - True - False
2021-03-17 19:17:33 - True - False
2021-03-17 19:19:03 - True - False
2021-03-17 19:20:33 - True - False
2021-03-17 19:22:03 - True - False
2021-03-17 19:23:33 - True - False
2021-03-17 19:25:03 - True - False
2021-03-17 19:26:33 - True - False
2021-03-17 19:28:03 - True - False
2021-03-17 19:29:33 - True - False
2021-03-17 19:31:03 - True - False
2021-03-17 19:32:33 - True - False
2021-03-17 19:34:03 - True - False
2021-03-17 19:35:33 - True - False
2021-03-17 19:37:03 - True - False
2021-03-17 19:38:33 - True - False
2021-03-17 19:40:03 - True - False
2021-03-17 19:41:33 - True - False
2021-03-17 19:43:03 - True - False
2021-03-17 19:44:33 - True - False
2021-03-17 19:46:03 - True - False
2021-03-17 19:47:33 - True - False
2021-03-17 19:49:03 - True - False
2021-03-17 19:50:33 - True - False
2021-03-17 19:52:03 - True - False
2021-03-17 19:53:33 - True - False
2021-03-17 19:55:03 - True - False
2021-03-17 19:56:33 - True - False
2021-03-17 19:58:03 - True - False
2021-03-17 19:59:33 - True - False
2021-03-17 20:01:03 - True - False
2021-03-17 20:02:33 - True - False
2021-03-17 20:04:03 - True - False
2021-03-17 20:05:33 - True - False
2021-03-17 20:07:03 - True - False
2021-03-17 20:08:33 - True - False
2021-03-17 20:10:03 - True - False
2021-03-17 20:11:33 - True - False
2021-03-17 20:13:03 - True - False
2021-03-17 20:14:33 - True - False
2021-03-17 20:16:03 - True - False
2021-03-17 20:17:33 - True - False
2021-03-17 20:19:03 - True - False
2021-03-17 20:20:33 - True - False
2021-03-17 20:22:03 - True - False
2021-03-17 20:23:33 - True - False
2021-03-17 20:25:03 - True - False
2021-03-17 20:26:33 - True - False
2021-03-17 20:28:03 - True - False
2021-03-17 20:29:33 - True - False
2021-03-17 20:31:03 - True - False
2021-03-17 20:32:33 - True - False
2021-03-17 20:34:03 - True - False
2021-03-17 20:35:33 - True - False
2021-03-17 20:37:03 - True - False
2021-03-17 20:38:33 - True - False
2021-03-17 20:40:03 - True - False
2021-03-17 20:41:33 - True - False
2021-03-17 20:43:03 - True - False
2021-03-17 20:44:33 - True - False
2021-03-17 20:46:03 - True - False
2021-03-17 20:47:33 - True - False
2021-03-17 20:49:03 - True - False
2021-03-17 20:50:33 - True - False
2021-03-17 20:52:03 - True - False
2021-03-17 20:53:33 - True - False
2021-03-17 20:55:03 - True - False
2021-03-17 20:56:33 - True - False
2021-03-17 20:58:03 - True - False
2021-03-17 20:59:33 - True - False
2021-03-17 21:01:03 - True - False
2021-03-17 21:02:33 - True - False
2021-03-17 21:04:03 - True - False
2021-03-17 21:05:33 - True - False
2021-03-17 21:07:03 - True - False
2021-03-17 21:08:33 - True - False
2021-03-17 21:10:03 - True - False
2021-03-17 21:11:33 - True - False
2021-03-17 21:13:03 - True - False
2021-03-17 21:14:33 - True - False
2021-03-17 21:16:03 - True - False
2021-03-17 21:17:33 - True - False
2021-03-17 21:19:03 - True - False
2021-03-17 21:20:33 - True - False
2021-03-17 21:22:03 - True - False
2021-03-17 21:23:33 - True - False
2021-03-17 21:25:03 - True - False
2021-03-17 21:26:33 - True - False
2021-03-17 21:28:03 - True - False
2021-03-17 21:29:33 - True - False
2021-03-17 21:31:03 - True - False
2021-03-17 21:32:33 - True - False
2021-03-17 21:34:03 - True - False
2021-03-17 21:35:33 - True - False
2021-03-17 21:37:03 - True - False
2021-03-17 21:38:33 - True - False
2021-03-17 21:40:03 - True - False
2021-03-17 21:41:33 - True - False
2021-03-17 21:43:03 - True - False
2021-03-17 21:44:33 - True - False
2021-03-17 21:46:03 - True - False
2021-03-17 21:47:33 - True - False
2021-03-17 21:49:03 - True - False
2021-03-17 21:50:33 - True - False
2021-03-17 21:52:03 - True - False
2021-03-17 21:53:33 - True - False
2021-03-17 21:55:03 - True - False
2021-03-17 21:56:33 - True - False
2021-03-17 21:58:03 - True - False
2021-03-17 21:59:33 - True - False
2021-03-17 22:01:03 - True - False
2021-03-17 22:02:33 - True - False
2021-03-17 22:04:03 - True - False
2021-03-17 22:05:33 - True - False
2021-03-17 22:07:03 - True - False
2021-03-17 22:08:33 - True - False
2021-03-17 22:10:03 - True - False
2021-03-17 22:11:33 - True - False
2021-03-17 22:13:03 - True - False
2021-03-17 22:14:33 - True - False
2021-03-17 22:16:03 - True - False
2021-03-17 22:17:33 - True - False
2021-03-17 22:19:03 - True - False
2021-03-17 22:20:33 - True - False
2021-03-17 22:22:03 - True - False
2021-03-17 22:23:33 - True - False
2021-03-17 22:25:03 - True - False
2021-03-17 22:26:33 - True - False
2021-03-17 22:28:03 - True - False
2021-03-17 22:29:33 - True - False
2021-03-17 22:31:03 - True - False
2021-03-17 22:32:33 - True - False
2021-03-17 22:34:03 - True - False
2021-03-17 22:35:33 - True - False
2021-03-17 22:37:03 - True - False
2021-03-17 22:38:33 - True - False
2021-03-17 22:40:03 - True - False
2021-03-17 22:41:33 - True - False
2021-03-17 22:43:03 - True - False
2021-03-17 22:44:33 - True - False
2021-03-17 22:46:03 - True - False
2021-03-17 22:47:33 - True - False
2021-03-17 22:49:03 - True - False
2021-03-17 22:50:33 - True - False
2021-03-17 22:52:03 - True - False
2021-03-17 22:53:33 - True - False
2021-03-17 22:55:03 - True - False
2021-03-17 22:56:33 - True - False
2021-03-17 22:58:03 - True - False
2021-03-17 22:59:33 - True - False
2021-03-17 23:01:03 - True - False
2021-03-17 23:02:33 - True - False
2021-03-17 23:04:03 - True - False
2021-03-17 23:05:33 - True - False
2021-03-17 23:07:03 - True - False
2021-03-17 23:08:33 - True - False
2021-03-17 23:10:03 - True - False
2021-03-17 23:11:33 - True - False
2021-03-17 23:13:03 - True - False
2021-03-17 23:14:33 - True - False
2021-03-17 23:16:03 - True - False
2021-03-17 23:17:33 - True - False
2021-03-17 23:19:03 - True - False
2021-03-17 23:20:33 - True - False
2021-03-17 23:22:03 - True - False
2021-03-17 23:23:33 - True - False
2021-03-17 23:25:03 - True - False
2021-03-17 23:26:33 - True - False
2021-03-17 23:28:03 - True - False
2021-03-17 23:29:33 - True - False
2021-03-17 23:31:03 - True - False
2021-03-17 23:32:33 - True - False
2021-03-17 23:34:03 - True - False
2021-03-17 23:35:33 - True - False
2021-03-17 23:37:03 - True - False
2021-03-17 23:38:33 - True - False
2021-03-17 23:40:03 - True - False
2021-03-17 23:41:33 - True - False
2021-03-17 23:43:03 - True - False
2021-03-17 23:44:33 - True - False
2021-03-17 23:46:03 - True - False
2021-03-17 23:47:33 - True - False
2021-03-17 23:49:03 - True - False
2021-03-17 23:50:33 - True - False
2021-03-17 23:52:03 - True - False
2021-03-17 23:53:33 - True - False
2021-03-17 23:55:03 - True - False
2021-03-17 23:56:33 - True - False
2021-03-17 23:58:03 - True - False
2021-03-17 23:59:33 - True - False
2021-03-18 00:01:03 - True - False
2021-03-18 00:02:33 - True - False
2021-03-18 00:04:03 - True - False
2021-03-18 00:05:33 - True - False
2021-03-18 00:07:03 - True - False
2021-03-18 00:08:33 - True - False
2021-03-18 00:10:03 - True - False
2021-03-18 00:11:33 - True - False
2021-03-18 00:13:03 - True - False
2021-03-18 00:14:33 - True - False
2021-03-18 00:16:03 - True - False
2021-03-18 00:17:33 - True - False
2021-03-18 00:19:03 - True - False
2021-03-18 00:20:33 - True - False
2021-03-18 00:22:03 - True - False
2021-03-18 00:23:33 - True - False
2021-03-18 00:25:03 - True - False
2021-03-18 00:26:33 - True - False
2021-03-18 00:28:03 - True - False
2021-03-18 00:29:33 - True - False
2021-03-18 00:31:03 - True - False
2021-03-18 00:32:33 - True - False
2021-03-18 00:34:03 - True - False
2021-03-18 00:35:33 - True - False
2021-03-18 00:37:03 - True - False
2021-03-18 00:38:33 - True - False
2021-03-18 00:40:03 - True - False
2021-03-18 00:41:33 - True - False
2021-03-18 00:43:03 - True - False
2021-03-18 00:44:33 - True - False
2021-03-18 00:46:03 - True - False
2021-03-18 00:47:33 - True - False
2021-03-18 00:49:03 - True - False
2021-03-18 00:50:33 - True - False
2021-03-18 00:52:03 - True - False
2021-03-18 00:53:33 - True - False
2021-03-18 00:55:03 - True - False
2021-03-18 00:56:33 - True - False
2021-03-18 00:58:03 - True - False
2021-03-18 00:59:33 - True - False
2021-03-18 01:01:03 - True - False
2021-03-18 01:02:33 - True - False
2021-03-18 01:04:03 - True - False
2021-03-18 01:05:33 - True - False
2021-03-18 01:07:03 - True - False
2021-03-18 01:08:33 - True - False
2021-03-18 01:10:03 - True - False
2021-03-18 01:11:33 - True - False
2021-03-18 01:13:03 - True - False
2021-03-18 01:14:33 - True - False
2021-03-18 01:16:03 - True - False
2021-03-18 01:17:33 - True - False
2021-03-18 01:19:03 - True - False
2021-03-18 01:20:33 - True - False
2021-03-18 01:22:03 - True - False
2021-03-18 01:23:33 - True - False
2021-03-18 01:25:03 - True - False
2021-03-18 01:26:33 - True - False
2021-03-18 01:28:03 - True - False
2021-03-18 01:29:33 - True - False
2021-03-18 01:31:03 - True - False
2021-03-18 01:32:33 - True - False
2021-03-18 01:34:03 - True - False
2021-03-18 01:35:33 - True - False
2021-03-18 01:37:03 - True - False
2021-03-18 01:38:33 - True - False
2021-03-18 01:40:03 - True - False
2021-03-18 01:41:33 - True - False
2021-03-18 01:43:03 - True - False
2021-03-18 01:44:33 - True - False
2021-03-18 01:46:03 - True - False
2021-03-18 01:47:33 - True - False
2021-03-18 01:49:03 - True - False
2021-03-18 01:50:33 - True - False
2021-03-18 01:52:03 - True - False
2021-03-18 01:53:33 - True - False
2021-03-18 01:55:03 - True - False
2021-03-18 01:56:33 - True - False
2021-03-18 01:58:03 - True - False
2021-03-18 01:59:33 - True - False
2021-03-18 02:01:03 - True - False
2021-03-18 02:02:33 - True - False
2021-03-18 02:04:03 - True - False
2021-03-18 02:05:33 - True - False
2021-03-18 02:07:03 - True - False
2021-03-18 02:08:33 - True - False
2021-03-18 02:10:03 - True - False
2021-03-18 02:11:33 - True - False
2021-03-18 02:13:03 - True - False
2021-03-18 02:14:33 - True - False
2021-03-18 02:16:03 - True - False
2021-03-18 02:17:33 - True - False
2021-03-18 02:19:03 - True - False
2021-03-18 02:20:33 - True - False
2021-03-18 02:22:03 - True - False
2021-03-18 02:23:33 - True - False
2021-03-18 02:25:03 - True - False
2021-03-18 02:26:33 - True - False
2021-03-18 02:28:03 - True - False
2021-03-18 02:29:33 - True - False
2021-03-18 02:31:03 - True - False
2021-03-18 02:32:33 - True - False
2021-03-18 02:34:03 - True - False
2021-03-18 02:35:33 - True - False
2021-03-18 02:37:03 - True - False
2021-03-18 02:38:33 - True - False
2021-03-18 02:40:03 - True - False
2021-03-18 02:41:33 - True - False
2021-03-18 02:43:03 - True - False
2021-03-18 02:44:33 - True - False
2021-03-18 02:46:03 - True - False
2021-03-18 02:47:33 - True - False
2021-03-18 02:49:03 - True - False
2021-03-18 02:50:33 - True - False
2021-03-18 02:52:03 - True - False
2021-03-18 02:53:33 - True - False
2021-03-18 02:55:03 - True - False
2021-03-18 02:56:33 - True - False
2021-03-18 02:58:03 - True - False
2021-03-18 02:59:33 - True - False
2021-03-18 03:01:03 - True - False
2021-03-18 03:02:33 - True - False
2021-03-18 03:04:03 - True - False
2021-03-18 03:05:33 - True - False
2021-03-18 03:07:03 - True - False
2021-03-18 03:08:33 - True - False
2021-03-18 03:10:03 - True - False
2021-03-18 03:11:33 - True - False
2021-03-18 03:13:03 - True - False
2021-03-18 03:14:33 - True - False
2021-03-18 03:16:03 - True - False
2021-03-18 03:17:33 - True - False
2021-03-18 03:19:03 - True - False
2021-03-18 03:20:33 - True - False
2021-03-18 03:22:03 - True - False
2021-03-18 03:23:33 - True - False
2021-03-18 03:25:03 - True - False
2021-03-18 03:26:33 - True - False
2021-03-18 03:28:03 - True - False
2021-03-18 03:29:33 - True - False
2021-03-18 03:31:03 - True - False
2021-03-18 03:32:33 - True - False
2021-03-18 03:34:03 - True - False
2021-03-18 03:35:33 - True - False
2021-03-18 03:37:03 - True - False
2021-03-18 03:38:33 - True - False
2021-03-18 03:40:03 - True - False
2021-03-18 03:41:33 - True - False
2021-03-18 03:43:03 - True - False
2021-03-18 03:44:33 - True - False
2021-03-18 03:46:03 - True - False
2021-03-18 03:47:33 - True - False
2021-03-18 03:49:03 - True - False
2021-03-18 03:50:33 - True - False
2021-03-18 03:52:03 - True - False
2021-03-18 03:53:33 - True - False
2021-03-18 03:55:03 - True - False
2021-03-18 03:56:33 - True - False
2021-03-18 03:58:03 - True - False
2021-03-18 03:59:33 - True - False
2021-03-18 04:01:03 - True - False
2021-03-18 04:02:33 - True - False
2021-03-18 04:04:03 - True - False
2021-03-18 04:05:33 - True - False
2021-03-18 04:07:03 - True - False
2021-03-18 04:08:33 - True - False
2021-03-18 04:10:03 - True - False
2021-03-18 04:11:33 - True - False
2021-03-18 04:13:03 - True - False
2021-03-18 04:14:33 - True - False
2021-03-18 04:16:03 - True - False
2021-03-18 04:17:33 - True - False
2021-03-18 04:19:03 - True - False
2021-03-18 04:20:33 - True - False
2021-03-18 04:22:03 - True - False
2021-03-18 04:23:33 - True - False
2021-03-18 04:25:03 - True - False
2021-03-18 04:26:33 - True - False
2021-03-18 04:28:03 - True - False
2021-03-18 04:29:33 - True - False
2021-03-18 04:31:03 - True - False
2021-03-18 04:32:33 - True - False
2021-03-18 04:34:03 - True - False
2021-03-18 04:35:33 - True - False
2021-03-18 04:37:03 - True - False
2021-03-18 04:38:33 - True - False
2021-03-18 04:40:03 - True - False
2021-03-18 04:41:33 - True - False
2021-03-18 04:43:03 - True - False
2021-03-18 04:44:33 - True - False
2021-03-18 04:46:03 - True - False
2021-03-18 04:47:33 - True - False
2021-03-18 04:49:03 - True - False
2021-03-18 04:50:33 - True - False
2021-03-18 04:52:03 - True - False
2021-03-18 04:53:33 - True - False
2021-03-18 04:55:03 - True - False
2021-03-18 04:56:33 - True - False
2021-03-18 04:58:03 - True - False
2021-03-18 04:59:33 - True - False
2021-03-18 05:01:03 - True - False
2021-03-18 05:02:33 - True - False
2021-03-18 05:04:03 - True - False
2021-03-18 05:05:33 - True - False
2021-03-18 05:07:03 - True - False
2021-03-18 05:08:33 - True - False
2021-03-18 05:10:03 - True - False
2021-03-18 05:11:33 - True - False
2021-03-18 05:13:03 - True - False
2021-03-18 05:14:33 - True - False
2021-03-18 05:16:03 - True - False
2021-03-18 05:17:33 - True - False
2021-03-18 05:19:03 - True - False
2021-03-18 05:20:33 - True - False
2021-03-18 05:22:03 - True - False
2021-03-18 05:23:33 - True - False
2021-03-18 05:25:03 - True - False
2021-03-18 05:26:33 - True - False
2021-03-18 05:28:03 - True - False
2021-03-18 05:29:33 - True - False
2021-03-18 05:31:03 - True - False
2021-03-18 05:32:33 - True - False
2021-03-18 05:34:03 - True - False
2021-03-18 05:35:33 - True - False
2021-03-18 05:37:03 - True - False
2021-03-18 05:38:33 - True - False
2021-03-18 05:40:03 - True - False
2021-03-18 05:41:33 - True - False
2021-03-18 05:43:03 - True - False
2021-03-18 05:44:33 - True - False
2021-03-18 05:46:03 - True - False
2021-03-18 05:47:33 - True - False
2021-03-18 05:49:03 - True - False
2021-03-18 05:50:33 - True - False
2021-03-18 05:52:03 - True - False
2021-03-18 05:53:33 - True - False
2021-03-18 05:55:03 - True - False
2021-03-18 05:56:33 - True - False
2021-03-18 05:58:03 - True - False
2021-03-18 05:59:33 - True - False
2021-03-18 06:01:03 - True - False
2021-03-18 06:02:33 - True - False
2021-03-18 06:04:03 - True - False
2021-03-18 06:05:33 - True - False
2021-03-18 06:07:03 - True - False
2021-03-18 06:08:33 - True - False
2021-03-18 06:10:03 - True - False
2021-03-18 06:11:33 - True - False
2021-03-18 06:13:03 - True - False
2021-03-18 06:14:33 - True - False
2021-03-18 06:16:03 - True - False
2021-03-18 06:17:33 - True - False
2021-03-18 06:19:03 - True - False
2021-03-18 06:20:33 - True - False
2021-03-18 06:22:03 - True - False
2021-03-18 06:23:33 - True - False
2021-03-18 06:25:03 - True - False
2021-03-18 06:26:33 - True - False
2021-03-18 06:28:03 - True - False
2021-03-18 06:29:33 - True - False
2021-03-18 06:31:03 - True - False
2021-03-18 06:32:33 - True - False
2021-03-18 06:34:03 - True - False
2021-03-18 06:35:33 - True - False
2021-03-18 06:37:03 - True - False
2021-03-18 06:38:33 - True - False
2021-03-18 06:40:03 - True - False
2021-03-18 06:41:33 - True - False
2021-03-18 06:43:03 - True - False
2021-03-18 06:44:33 - True - False
2021-03-18 06:46:03 - True - False
2021-03-18 06:47:33 - True - False
2021-03-18 06:49:03 - True - False
2021-03-18 06:50:33 - True - False
2021-03-18 06:52:03 - True - False
2021-03-18 06:53:33 - True - False
2021-03-18 06:55:03 - True - False
2021-03-18 06:56:33 - True - False
2021-03-18 06:58:03 - True - False
2021-03-18 06:59:33 - True - False
2021-03-18 07:01:03 - True - False
2021-03-18 07:02:33 - True - False
2021-03-18 07:04:03 - True - False
2021-03-18 07:05:33 - True - False
2021-03-18 07:07:03 - True - False
2021-03-18 07:08:33 - True - False
2021-03-18 07:10:03 - True - False
2021-03-18 07:11:33 - True - False
2021-03-18 07:13:03 - True - False
2021-03-18 07:14:33 - True - False
2021-03-18 07:16:03 - True - False
2021-03-18 07:17:33 - True - False
2021-03-18 07:19:03 - True - False
2021-03-18 07:20:33 - True - False
2021-03-18 07:22:03 - True - False
2021-03-18 07:23:33 - True - False
2021-03-18 07:25:03 - True - False
2021-03-18 07:26:33 - True - False
2021-03-18 07:28:03 - True - False
2021-03-18 07:29:33 - True - False
2021-03-18 07:31:03 - True - False
2021-03-18 07:32:33 - True - False
2021-03-18 07:34:03 - True - False
2021-03-18 07:35:33 - True - False
2021-03-18 07:37:03 - True - False
2021-03-18 07:38:33 - True - False
2021-03-18 07:40:03 - True - False
2021-03-18 07:41:33 - True - False
2021-03-18 07:43:03 - True - False
2021-03-18 07:44:33 - True - False
2021-03-18 07:46:03 - True - False
2021-03-18 07:47:33 - True - False
Adding job tentatively -- it will be properly scheduled when the scheduler starts
Added job "report_availability" to job store "default"
Scheduler started
Date/Time         - In Stock - Can Buy
2021-03-18 07:49:39 - True - False
2021-03-18 07:50:24 - True - False
2021-03-18 07:51:09 - True - False
2021-03-18 07:51:54 - True - False
